<?xml version="1.0" encoding="UTF-8"?>
<!-- Generated by org.testng.reporters.JUnitXMLReporter -->
<testsuite ignored="0" hostname="LAPTOP-MH5FI01A" failures="0" tests="4" name="Test" time="0.061" errors="0" timestamp="2021-06-24T19:58:20 IST">
  <testcase classname="ankTest.SeleniumTest" name="browser" time="0.01"/>
  <testcase classname="ankTest.SeleniumTest" name="locate" time="0.001"/>
  <testcase classname="ankTest.AppiumTest" name="android" time="0.001"/>
  <testcase classname="ankTest.AppiumTest" name="ios" time="0.001"/>
</testsuite> <!-- Test -->
