<?xml version="1.0" encoding="UTF-8"?>
<!-- Generated by org.testng.reporters.JUnitXMLReporter -->
<testsuite hostname="LAPTOP-MH5FI01A" ignored="0" name="Command line test" tests="6" failures="0" timestamp="2021-06-26T02:09:40 IST" time="0.344" errors="0">
  <testcase name="rest" time="0.035" classname="ankTest.ApiTest"/>
  <testcase name="soap" time="0.0" classname="ankTest.ApiTest"/>
  <testcase name="android" time="0.0" classname="ankTest.AppiumTest"/>
  <testcase name="ios" time="0.002" classname="ankTest.AppiumTest"/>
  <testcase name="browser" time="0.0" classname="ankTest.SeleniumTest"/>
  <testcase name="locate" time="0.0" classname="ankTest.SeleniumTest"/>
</testsuite> <!-- Command line test -->
