<?xml version="1.0" encoding="UTF-8"?>
<!-- Generated by org.testng.reporters.JUnitXMLReporter -->
<testsuite hostname="LAPTOP-MH5FI01A" ignored="0" name="Test" tests="4" failures="0" timestamp="2021-06-24T20:12:37 IST" time="0.089" errors="0">
  <testcase name="android" time="0.01" classname="ankTest.AppiumTest"/>
  <testcase name="ios" time="0.0" classname="ankTest.AppiumTest"/>
  <testcase name="rest" time="0.0" classname="ankTest.ApiTest"/>
  <testcase name="soap" time="0.0" classname="ankTest.ApiTest"/>
</testsuite> <!-- Test -->
