<?xml version="1.0" encoding="UTF-8"?>
<testng-results skipped="0" failed="0" ignored="0" total="6" passed="6">
  <reporter-output>
  </reporter-output>
  <suite name="Command line suite" duration-ms="344" started-at="2021-06-26T02:09:40 IST" finished-at="2021-06-26T02:09:40 IST">
    <groups>
    </groups>
    <test name="Command line test" duration-ms="344" started-at="2021-06-26T02:09:40 IST" finished-at="2021-06-26T02:09:40 IST">
      <class name="ankTest.AppiumTest">
        <test-method status="PASS" signature="android()[pri:0, instance:ankTest.AppiumTest@13a5fe33]" name="android" duration-ms="0" started-at="2021-06-26T02:09:40 IST" finished-at="2021-06-26T02:09:40 IST">
          <reporter-output>
          </reporter-output>
        </test-method> <!-- android -->
        <test-method status="PASS" signature="ios()[pri:0, instance:ankTest.AppiumTest@13a5fe33]" name="ios" duration-ms="2" started-at="2021-06-26T02:09:40 IST" finished-at="2021-06-26T02:09:40 IST">
          <reporter-output>
          </reporter-output>
        </test-method> <!-- ios -->
      </class> <!-- ankTest.AppiumTest -->
      <class name="ankTest.SeleniumTest">
        <test-method status="PASS" signature="browser()[pri:0, instance:ankTest.SeleniumTest@3108bc]" name="browser" duration-ms="0" started-at="2021-06-26T02:09:40 IST" finished-at="2021-06-26T02:09:40 IST">
          <reporter-output>
          </reporter-output>
        </test-method> <!-- browser -->
        <test-method status="PASS" signature="locate()[pri:0, instance:ankTest.SeleniumTest@3108bc]" name="locate" duration-ms="0" started-at="2021-06-26T02:09:40 IST" finished-at="2021-06-26T02:09:40 IST">
          <reporter-output>
          </reporter-output>
        </test-method> <!-- locate -->
      </class> <!-- ankTest.SeleniumTest -->
      <class name="ankTest.ApiTest">
        <test-method status="PASS" signature="rest()[pri:0, instance:ankTest.ApiTest@5ec0a365]" name="rest" duration-ms="35" started-at="2021-06-26T02:09:40 IST" finished-at="2021-06-26T02:09:40 IST">
          <reporter-output>
          </reporter-output>
        </test-method> <!-- rest -->
        <test-method status="PASS" signature="soap()[pri:0, instance:ankTest.ApiTest@5ec0a365]" name="soap" duration-ms="0" started-at="2021-06-26T02:09:40 IST" finished-at="2021-06-26T02:09:40 IST">
          <reporter-output>
          </reporter-output>
        </test-method> <!-- soap -->
      </class> <!-- ankTest.ApiTest -->
    </test> <!-- Command line test -->
  </suite> <!-- Command line suite -->
</testng-results>
