<?xml version="1.0" encoding="UTF-8"?>
<testng-results ignored="0" total="4" passed="4" failed="0" skipped="0">
  <reporter-output>
  </reporter-output>
  <suite started-at="2021-06-24T19:58:20 IST" name="Suite" finished-at="2021-06-24T19:58:20 IST" duration-ms="61">
    <groups>
    </groups>
    <test started-at="2021-06-24T19:58:20 IST" name="Test" finished-at="2021-06-24T19:58:20 IST" duration-ms="61">
      <class name="ankTest.AppiumTest">
        <test-method signature="android()[pri:0, instance:ankTest.AppiumTest@2cd2a21f]" started-at="2021-06-24T19:58:20 IST" name="android" finished-at="2021-06-24T19:58:20 IST" duration-ms="1" status="PASS">
          <reporter-output>
          </reporter-output>
        </test-method> <!-- android -->
        <test-method signature="ios()[pri:0, instance:ankTest.AppiumTest@2cd2a21f]" started-at="2021-06-24T19:58:20 IST" name="ios" finished-at="2021-06-24T19:58:20 IST" duration-ms="1" status="PASS">
          <reporter-output>
          </reporter-output>
        </test-method> <!-- ios -->
      </class> <!-- ankTest.AppiumTest -->
      <class name="ankTest.SeleniumTest">
        <test-method signature="browser()[pri:0, instance:ankTest.SeleniumTest@62230c58]" started-at="2021-06-24T19:58:20 IST" name="browser" finished-at="2021-06-24T19:58:20 IST" duration-ms="10" status="PASS">
          <reporter-output>
          </reporter-output>
        </test-method> <!-- browser -->
        <test-method signature="locate()[pri:0, instance:ankTest.SeleniumTest@62230c58]" started-at="2021-06-24T19:58:20 IST" name="locate" finished-at="2021-06-24T19:58:20 IST" duration-ms="1" status="PASS">
          <reporter-output>
          </reporter-output>
        </test-method> <!-- locate -->
      </class> <!-- ankTest.SeleniumTest -->
    </test> <!-- Test -->
  </suite> <!-- Suite -->
</testng-results>
